<?xml version="1.0" encoding="UTF-8"?>
<!-- Generated by org.testng.reporters.JUnitReportReporter -->
<testsuite hostname="Saran" failures="0" tests="2" name="TestNGAnnotations.AllAnnotations" time="0.018" errors="0" timestamp="2025-05-12T12:40:03 IST" skipped="0">
  <testcase classname="TestNGAnnotations.AllAnnotations" name="test1" time="0.014"/>
  <testcase classname="TestNGAnnotations.AllAnnotations" name="test2" time="0.004"/>
</testsuite> <!-- TestNGAnnotations.AllAnnotations -->
