<?xml version="1.0" encoding="UTF-8"?>
<!-- Generated by org.testng.reporters.JUnitReportReporter -->
<testsuite hostname="Saran" failures="0" tests="3" name="Grouping.SignupTest" time="0.006" errors="0" timestamp="2025-05-12T20:56:57 IST" skipped="0">
  <testcase classname="Grouping.SignupTest" name="signupbyEmail" time="0.002"/>
  <testcase classname="Grouping.SignupTest" name="signupbyPhone" time="0.002"/>
  <testcase classname="Grouping.SignupTest" name="signupbyFacebook" time="0.002"/>
</testsuite> <!-- Grouping.SignupTest -->
