<?xml version="1.0" encoding="UTF-8"?>
<!-- Generated by org.testng.reporters.JUnitReportReporter -->
<testsuite hostname="Saran" failures="0" tests="3" name="Grouping.LoginTests" time="0.035" errors="0" timestamp="2025-05-12T21:00:32 IST" skipped="0">
  <testcase classname="Grouping.LoginTests" name="loginbyEmail" time="0.031"/>
  <testcase classname="Grouping.LoginTests" name="loginbyPhone" time="0.002"/>
  <testcase classname="Grouping.LoginTests" name="loginbyFacebook" time="0.002"/>
</testsuite> <!-- Grouping.LoginTests -->
