<?xml version="1.0" encoding="UTF-8"?>
<!-- Generated by org.testng.reporters.JUnitReportReporter -->
<testsuite hostname="Saran" failures="0" tests="3" name="BasicTestNG.FirstTestCase" time="0.008" errors="0" timestamp="2025-05-11T17:28:46 IST" skipped="0">
  <testcase classname="BasicTestNG.FirstTestCase" name="openApplication" time="0.003"/>
  <testcase classname="BasicTestNG.FirstTestCase" name="login" time="0.002"/>
  <testcase classname="BasicTestNG.FirstTestCase" name="logout" time="0.003"/>
</testsuite> <!-- BasicTestNG.FirstTestCase -->
