<?xml version="1.0" encoding="UTF-8"?>
<!-- Generated by org.testng.reporters.JUnitReportReporter -->
<testsuite hostname="Saran" failures="0" tests="6" name="ParameterTest.ParameterisationTest" time="0.161" errors="0" timestamp="2025-05-13T17:33:24 IST" skipped="0">
  <testcase classname="ParameterTest.ParameterisationTest" name="testLogo" time="0.060"/>
  <testcase classname="ParameterTest.ParameterisationTest" name="testLogo" time="0.046"/>
  <testcase classname="ParameterTest.ParameterisationTest" name="testTitle" time="0.015"/>
  <testcase classname="ParameterTest.ParameterisationTest" name="testTitle" time="0.014"/>
  <testcase classname="ParameterTest.ParameterisationTest" name="testURL" time="0.013"/>
  <testcase classname="ParameterTest.ParameterisationTest" name="testURL" time="0.013"/>
</testsuite> <!-- ParameterTest.ParameterisationTest -->
