<?xml version="1.0" encoding="UTF-8"?>
<!-- Generated by org.testng.reporters.JUnitReportReporter -->
<testsuite hostname="Saran" failures="0" tests="1" name="TestNGAnnotations.Assertions" time="0.008" errors="0" timestamp="2025-05-12T14:16:17 IST" skipped="0">
  <testcase classname="TestNGAnnotations.Assertions" name="testTitele" time="0.008"/>
</testsuite> <!-- TestNGAnnotations.Assertions -->
