<?xml version="1.0" encoding="UTF-8"?>
<!-- Generated by org.testng.reporters.JUnitReportReporter -->
<testsuite hostname="Saran" failures="0" tests="3" name="Grouping.PaymentTest" time="0.006" errors="0" timestamp="2025-05-12T20:59:36 IST" skipped="0">
  <testcase classname="Grouping.PaymentTest" name="paymentbyCreditCard" time="0.002"/>
  <testcase classname="Grouping.PaymentTest" name="paymentbyDebitCard" time="0.002"/>
  <testcase classname="Grouping.PaymentTest" name="paymentbyPayPal" time="0.002"/>
</testsuite> <!-- Grouping.PaymentTest -->
