<?xml version="1.0" encoding="UTF-8"?>
<!-- Generated by org.testng.reporters.JUnitReportReporter -->
<testsuite hostname="Saran" failures="0" tests="2" name="TestNGAnnotations.AnnotationswithMethods" time="0.031" errors="0" timestamp="2025-05-11T21:10:42 IST" skipped="0">
  <testcase classname="TestNGAnnotations.AnnotationswithMethods" name="Search" time="0.014"/>
  <testcase classname="TestNGAnnotations.AnnotationswithMethods" name="AdvancedSearch" time="0.017"/>
</testsuite> <!-- TestNGAnnotations.AnnotationswithMethods -->
