<?xml version="1.0" encoding="UTF-8"?>
<!-- Generated by org.testng.reporters.JUnitReportReporter -->
<testsuite hostname="Saran" failures="0" tests="1" name="TestNGAnnotations.HardAssertions" time="0.011" errors="0" timestamp="2025-05-12T14:25:06 IST" skipped="0">
  <testcase classname="TestNGAnnotations.HardAssertions" name="testTitele" time="0.011"/>
</testsuite> <!-- TestNGAnnotations.HardAssertions -->
