<?xml version="1.0" encoding="UTF-8"?>
<!-- Generated by org.testng.reporters.JUnitReportReporter -->
<testsuite hostname="Saran" failures="0" tests="2" name="TestNGAnnotations.AnnotationswithClasses" time="0.015" errors="0" timestamp="2025-05-12T10:09:54 IST" skipped="0">
  <testcase classname="TestNGAnnotations.AnnotationswithClasses" name="Search" time="0.013"/>
  <testcase classname="TestNGAnnotations.AnnotationswithClasses" name="AdvancedSearch" time="0.002"/>
</testsuite> <!-- TestNGAnnotations.AnnotationswithClasses -->
