<?xml version="1.0" encoding="UTF-8"?>
<!-- Generated by org.testng.reporters.JUnitReportReporter -->
<testsuite hostname="Saran" failures="0" tests="4" name="BasicTestNG.OrangeHRM" time="8.303" errors="0" timestamp="2025-05-11T17:28:46 IST" skipped="0">
  <testcase classname="BasicTestNG.OrangeHRM" name="openApplication" time="5.725"/>
  <testcase classname="BasicTestNG.OrangeHRM" name="testLogo" time="2.076"/>
  <testcase classname="BasicTestNG.OrangeHRM" name="login" time="0.345"/>
  <testcase classname="BasicTestNG.OrangeHRM" name="logout" time="0.157"/>
</testsuite> <!-- BasicTestNG.OrangeHRM -->
